<?xml version="1.0" encoding="UTF-8"?>
<testsuite name="com.rytheturtle.demo.optional.UserUtilTest" tests="1" skipped="0" failures="0" errors="0" timestamp="2023-03-06T06:28:00" hostname="ryan-XPS-13-7390-2-in-1" time="0.03">
  <properties/>
  <testcase name="isUserNearPhysicalLocationReturnsTrueWhenSameZip()" classname="com.rytheturtle.demo.optional.UserUtilTest" time="0.03"/>
  <system-out><![CDATA[]]></system-out>
  <system-err><![CDATA[]]></system-err>
</testsuite>
