<?xml version="1.0" encoding="UTF-8"?>
<testsuite name="com.rytheturtle.demo.optional.PersonUtilTest" tests="1" skipped="0" failures="0" errors="0" timestamp="2023-03-06T04:45:50" hostname="ryan-XPS-13-7390-2-in-1" time="0.02">
  <properties/>
  <testcase name="someLibraryMethodReturnsTrue()" classname="com.rytheturtle.demo.optional.PersonUtilTest" time="0.02"/>
  <system-out><![CDATA[]]></system-out>
  <system-err><![CDATA[]]></system-err>
</testsuite>
